[0808/235633.126:ERROR:scoped_process_suspend.cc(31)] NtSuspendProcess: An attempt was made to access an exiting process. (0xc000010a)
[0808/235633.134:ERROR:process_info.cc(118)] ReadProcessMemory bool __cdecl crashpad::(anonymous namespace)::ReadStruct(HANDLE, crashpad::WinVMAddress, T *) [T = crashpad::process_types::PEB<crashpad::process_types::internal::Traits64>]: Only part of a ReadProcessMemory or WriteProcessMemory request was completed. (0x12B)
[0808/235633.134:ERROR:process_info.cc(551)] ReadProcessData failed
[0808/235633.190:ERROR:process_reader_win.cc(151)] SuspendThread: Access is denied. (0x5)
[0808/235633.190:ERROR:process_reader_win.cc(151)] SuspendThread: Access is denied. (0x5)
[0808/235633.190:ERROR:process_reader_win.cc(151)] SuspendThread: Access is denied. (0x5)
[0808/235633.190:ERROR:process_reader_win.cc(151)] SuspendThread: Access is denied. (0x5)
[0808/235633.190:ERROR:process_reader_win.cc(151)] SuspendThread: Access is denied. (0x5)
[0808/235633.198:ERROR:process_reader_win.cc(151)] SuspendThread: Access is denied. (0x5)
[0808/235633.198:ERROR:process_reader_win.cc(151)] SuspendThread: Access is denied. (0x5)
[0808/235633.198:ERROR:process_reader_win.cc(151)] SuspendThread: Access is denied. (0x5)
[0808/235633.198:ERROR:process_reader_win.cc(151)] SuspendThread: Access is denied. (0x5)
[0808/235633.198:ERROR:process_reader_win.cc(123)] NtOpenThread: {Access Denied} A process has requested access to an object, but has not been granted those access rights. (0xc0000022)
[0808/235633.198:ERROR:exception_snapshot_win.cc(98)] thread ID 30228 not found in process
[0808/235633.206:ERROR:process_reader_win.cc(151)] SuspendThread: Access is denied. (0x5)
[0808/235633.206:ERROR:process_reader_win.cc(151)] SuspendThread: Access is denied. (0x5)
[0808/235633.206:ERROR:process_reader_win.cc(151)] SuspendThread: Access is denied. (0x5)
[0808/235633.206:ERROR:process_reader_win.cc(151)] SuspendThread: Access is denied. (0x5)
[0808/235633.206:ERROR:process_reader_win.cc(151)] SuspendThread: Access is denied. (0x5)
[0808/235633.206:ERROR:process_reader_win.cc(151)] SuspendThread: Access is denied. (0x5)
[0808/235633.206:ERROR:process_reader_win.cc(151)] SuspendThread: Access is denied. (0x5)
[0808/235633.206:ERROR:process_reader_win.cc(123)] NtOpenThread: {Access Denied} A process has requested access to an object, but has not been granted those access rights. (0xc0000022)
[0808/235633.206:ERROR:exception_snapshot_win.cc(98)] thread ID 23960 not found in process
[0808/235633.214:ERROR:process_reader_win.cc(151)] SuspendThread: Access is denied. (0x5)
[0808/235633.214:ERROR:process_reader_win.cc(151)] SuspendThread: Access is denied. (0x5)
[0808/235633.214:ERROR:process_reader_win.cc(151)] SuspendThread: Access is denied. (0x5)
[0808/235633.214:ERROR:process_reader_win.cc(151)] SuspendThread: Access is denied. (0x5)
[0808/235633.214:ERROR:process_reader_win.cc(151)] SuspendThread: Access is denied. (0x5)
[0808/235633.214:ERROR:process_reader_win.cc(151)] SuspendThread: Access is denied. (0x5)
[0808/235633.214:ERROR:process_reader_win.cc(151)] SuspendThread: Access is denied. (0x5)
[0808/235633.214:ERROR:process_reader_win.cc(151)] SuspendThread: Access is denied. (0x5)
[0808/235633.214:ERROR:process_reader_win.cc(123)] NtOpenThread: {Access Denied} A process has requested access to an object, but has not been granted those access rights. (0xc0000022)
[0808/235633.214:ERROR:exception_snapshot_win.cc(98)] thread ID 68 not found in process
[0808/235633.222:ERROR:process_reader_win.cc(151)] SuspendThread: Access is denied. (0x5)
[0808/235633.222:ERROR:process_reader_win.cc(151)] SuspendThread: Access is denied. (0x5)
[0808/235633.222:ERROR:process_reader_win.cc(151)] SuspendThread: Access is denied. (0x5)
[0808/235633.222:ERROR:process_reader_win.cc(151)] SuspendThread: Access is denied. (0x5)
[0808/235633.222:ERROR:process_reader_win.cc(151)] SuspendThread: Access is denied. (0x5)
[0808/235633.222:ERROR:process_reader_win.cc(151)] SuspendThread: Access is denied. (0x5)
[0808/235633.222:ERROR:process_reader_win.cc(151)] SuspendThread: Access is denied. (0x5)
[0808/235633.222:ERROR:process_reader_win.cc(151)] SuspendThread: Access is denied. (0x5)
[0808/235633.222:ERROR:process_reader_win.cc(123)] NtOpenThread: {Access Denied} A process has requested access to an object, but has not been granted those access rights. (0xc0000022)
[0808/235633.222:ERROR:exception_snapshot_win.cc(98)] thread ID 19944 not found in process
[0808/235633.254:ERROR:process_reader_win.cc(151)] SuspendThread: Access is denied. (0x5)
[0808/235633.254:ERROR:process_reader_win.cc(151)] SuspendThread: Access is denied. (0x5)
[0808/235633.254:ERROR:process_reader_win.cc(151)] SuspendThread: Access is denied. (0x5)
[0808/235633.254:ERROR:process_reader_win.cc(151)] SuspendThread: Access is denied. (0x5)
[0808/235633.254:ERROR:process_reader_win.cc(151)] SuspendThread: Access is denied. (0x5)
[0808/235633.254:ERROR:process_reader_win.cc(151)] SuspendThread: Access is denied. (0x5)
[0808/235633.254:ERROR:process_reader_win.cc(151)] SuspendThread: Access is denied. (0x5)
[0808/235633.254:ERROR:process_reader_win.cc(151)] SuspendThread: Access is denied. (0x5)
[0808/235633.254:ERROR:process_reader_win.cc(151)] SuspendThread: Access is denied. (0x5)
[0808/235633.254:ERROR:process_reader_win.cc(123)] NtOpenThread: {Access Denied} A process has requested access to an object, but has not been granted those access rights. (0xc0000022)
[0808/235633.254:ERROR:exception_snapshot_win.cc(98)] thread ID 30244 not found in process
[0808/235633.270:ERROR:process_reader_win.cc(151)] SuspendThread: Access is denied. (0x5)
[0808/235633.270:ERROR:process_reader_win.cc(151)] SuspendThread: Access is denied. (0x5)
[0808/235633.270:ERROR:process_reader_win.cc(151)] SuspendThread: Access is denied. (0x5)
[0808/235633.270:ERROR:process_reader_win.cc(151)] SuspendThread: Access is denied. (0x5)
[0808/235633.270:ERROR:process_reader_win.cc(151)] SuspendThread: Access is denied. (0x5)
[0808/235633.270:ERROR:process_reader_win.cc(151)] SuspendThread: Access is denied. (0x5)
[0808/235633.270:ERROR:process_reader_win.cc(151)] SuspendThread: Access is denied. (0x5)
[0808/235633.270:ERROR:process_reader_win.cc(151)] SuspendThread: Access is denied. (0x5)
[0808/235633.270:ERROR:process_reader_win.cc(151)] SuspendThread: Access is denied. (0x5)
[0808/235633.270:ERROR:process_reader_win.cc(123)] NtOpenThread: {Access Denied} A process has requested access to an object, but has not been granted those access rights. (0xc0000022)
[0808/235633.270:ERROR:exception_snapshot_win.cc(98)] thread ID 19144 not found in process
[0808/235633.278:ERROR:process_reader_win.cc(151)] SuspendThread: Access is denied. (0x5)
[0808/235633.278:ERROR:process_reader_win.cc(151)] SuspendThread: Access is denied. (0x5)
[0808/235633.278:ERROR:process_reader_win.cc(151)] SuspendThread: Access is denied. (0x5)
[0808/235633.278:ERROR:process_reader_win.cc(151)] SuspendThread: Access is denied. (0x5)
[0808/235633.278:ERROR:process_reader_win.cc(151)] SuspendThread: Access is denied. (0x5)
[0808/235633.278:ERROR:process_reader_win.cc(151)] SuspendThread: Access is denied. (0x5)
[0808/235633.278:ERROR:process_reader_win.cc(151)] SuspendThread: Access is denied. (0x5)
[0808/235633.278:ERROR:process_reader_win.cc(151)] SuspendThread: Access is denied. (0x5)
[0808/235633.278:ERROR:process_reader_win.cc(151)] SuspendThread: Access is denied. (0x5)
[0808/235633.278:ERROR:process_reader_win.cc(123)] NtOpenThread: {Access Denied} A process has requested access to an object, but has not been granted those access rights. (0xc0000022)
[0808/235633.278:ERROR:exception_snapshot_win.cc(98)] thread ID 21288 not found in process
[0808/235633.286:ERROR:process_reader_win.cc(151)] SuspendThread: Access is denied. (0x5)
[0808/235633.286:ERROR:process_reader_win.cc(151)] SuspendThread: Access is denied. (0x5)
[0808/235633.286:ERROR:process_reader_win.cc(151)] SuspendThread: Access is denied. (0x5)
[0808/235633.286:ERROR:process_reader_win.cc(151)] SuspendThread: Access is denied. (0x5)
[0808/235633.286:ERROR:process_reader_win.cc(151)] SuspendThread: Access is denied. (0x5)
[0808/235633.286:ERROR:process_reader_win.cc(151)] SuspendThread: Access is denied. (0x5)
[0808/235633.294:ERROR:process_reader_win.cc(151)] SuspendThread: Access is denied. (0x5)
[0808/235633.294:ERROR:process_reader_win.cc(151)] SuspendThread: Access is denied. (0x5)
[0808/235633.294:ERROR:process_reader_win.cc(151)] SuspendThread: Access is denied. (0x5)
[0808/235633.294:ERROR:process_reader_win.cc(151)] SuspendThread: Access is denied. (0x5)
[0808/235633.294:ERROR:process_reader_win.cc(151)] SuspendThread: Access is denied. (0x5)
[0808/235633.294:ERROR:process_reader_win.cc(151)] SuspendThread: Access is denied. (0x5)
[0808/235633.294:ERROR:process_reader_win.cc(123)] NtOpenThread: {Access Denied} A process has requested access to an object, but has not been granted those access rights. (0xc0000022)
[0808/235633.294:ERROR:exception_snapshot_win.cc(98)] thread ID 492 not found in process
[0808/235633.327:ERROR:process_reader_win.cc(151)] SuspendThread: Access is denied. (0x5)
[0808/235633.327:ERROR:process_reader_win.cc(151)] SuspendThread: Access is denied. (0x5)
[0808/235633.327:ERROR:process_reader_win.cc(151)] SuspendThread: Access is denied. (0x5)
[0808/235633.327:ERROR:process_reader_win.cc(151)] SuspendThread: Access is denied. (0x5)
[0808/235633.327:ERROR:process_reader_win.cc(151)] SuspendThread: Access is denied. (0x5)
[0808/235633.327:ERROR:process_reader_win.cc(151)] SuspendThread: Access is denied. (0x5)
[0808/235633.327:ERROR:process_reader_win.cc(151)] SuspendThread: Access is denied. (0x5)
[0808/235633.327:ERROR:process_reader_win.cc(123)] NtOpenThread: {Access Denied} A process has requested access to an object, but has not been granted those access rights. (0xc0000022)
[0808/235633.327:ERROR:exception_snapshot_win.cc(98)] thread ID 1484 not found in process
[0808/235633.335:ERROR:process_reader_win.cc(151)] SuspendThread: Access is denied. (0x5)
[0808/235633.335:ERROR:process_reader_win.cc(151)] SuspendThread: Access is denied. (0x5)
[0808/235633.335:ERROR:process_reader_win.cc(123)] NtOpenThread: {Access Denied} A process has requested access to an object, but has not been granted those access rights. (0xc0000022)
[0808/235633.335:ERROR:exception_snapshot_win.cc(98)] thread ID 30220 not found in process
[0808/235633.367:ERROR:process_reader_win.cc(123)] NtOpenThread: {Access Denied} A process has requested access to an object, but has not been granted those access rights. (0xc0000022)
[0808/235633.367:ERROR:exception_snapshot_win.cc(98)] thread ID 31540 not found in process
